number,value,datetime_start,datetime_complete,duration,params_colsample_bytree,params_learning_rate,params_max_depth,params_min_child_samples,params_n_estimators,params_num_leaves,params_reg_alpha,params_reg_lambda,params_subsample,user_attrs_training_time_seconds,system_attrs_tpe:relative_params:0,state
0,0.9249018133268068,2026-09-17 02:15:12.436111,2026-09-17 02:15:17.389657,0 days 00:00:04.953546,0.9910729825391243,0.016434173198775548,5,46,200,57,6.630476080356052e-07,5.197264505306827e-05,0.7085031426417804,4.951869299984537,,COMPLETE
1,0.8988988357709524,2026-09-17 02:15:17.390673,2026-09-17 02:15:32.816956,0 days 00:00:15.426283,0.873264540712136,0.02641276617721681,9,55,600,40,2.2338134488729065e-08,0.00030291125308928076,0.7223652412080488,15.424987900070846,,COMPLETE
2,0.9219702150657929,2026-09-17 02:15:32.817951,2026-09-17 02:15:52.010053,0 days 00:00:19.192102,0.9975372898168187,0.028643575720665594,4,60,800,21,1.9604659261011641e-07,8.34948286853591e-05,0.9791256846118098,19.18738400004804,,COMPLETE
3,0.9109078042939038,2026-09-17 02:15:52.011053,2026-09-17 02:16:00.100874,0 days 00:00:08.089821,0.9348980434146594,0.02159998723002594,6,80,300,53,0.01518147843320422,1.7786170269233525e-06,0.9347734391184497,8.086782000027597,,COMPLETE
4,0.911942586603834,2026-09-17 02:16:00.101880,2026-09-17 02:16:09.976852,0 days 00:00:09.874972,0.7943699020254499,0.019485676232689063,8,76,400,26,0.15060834431388595,3.34803815671973e-07,0.8195062350380206,9.873942900099792,,COMPLETE
5,0.9057301665656665,2026-09-17 02:16:09.977859,2026-09-17 02:16:17.228727,0 days 00:00:07.250868,0.9282454141774125,0.052706147437086605,4,28,300,32,1.3200139849115904,0.22893730358186112,0.8603006740685704,7.249576500034891,,COMPLETE
6,0.8993487349345831,2026-09-17 02:16:17.228727,2026-09-17 02:16:36.046412,0 days 00:00:18.817685,0.7340236154289914,0.01750077867233273,9,18,600,35,0.0024544653070159186,0.0002514662924200958,0.7849683529210395,18.813794400077313,,COMPLETE
7,0.8903472336377499,2026-09-17 02:16:36.046412,2026-09-17 02:16:57.664553,0 days 00:00:21.618141,0.7539596927213732,0.026209108284819985,10,55,600,54,3.504131866260905e-07,9.577548166228514e-06,0.7096015503910178,21.612787000020035,,COMPLETE
8,0.9017859489194647,2026-09-17 02:16:57.665559,2026-09-17 02:17:05.231321,0 days 00:00:07.565762,0.8534566806413186,0.03178463834212553,3,84,300,48,0.6440149191610928,1.8418602674842438e-08,0.928152158722792,7.56342559994664,,COMPLETE
9,0.8883402473200643,2026-09-17 02:17:05.231321,2026-09-17 02:17:26.294943,0 days 00:00:21.063622,0.9633885023914288,0.048264106758607775,8,77,600,56,3.3537758498863915e-06,3.8061017546126323e-06,0.7596833259127427,21.058399199973792,,COMPLETE
10,0.9172258751004237,2026-09-17 02:17:26.294943,2026-09-17 02:17:35.868343,0 days 00:00:09.573400,0.9588359322234473,0.010787606953547389,4,58,400,57,2.1608083804978834e-07,0.00012548950547087528,0.7834366428156367,9.571407799958251,"{""colsample_bytree"": 0.9588359322234473, ""learning_rate"": 0.010787606953547389, ""max_depth"": 4, ""min_child_samples"": 58, ""n_estimators"": 400, ""num_leaves"": 57, ""reg_alpha"": 2.1608083804978834e-07, ""reg_lambda"": 0.00012548950547087528, ""subsample"": 0.7834366428156367}",COMPLETE
11,0.922627978376778,2026-09-17 02:17:35.869335,2026-09-17 02:17:48.946125,0 days 00:00:13.076790,0.9562986104712615,0.01620721313878574,4,54,500,36,7.45739430111278e-06,1.0013683594215089e-05,0.8357955791112445,13.075692799990065,"{""colsample_bytree"": 0.9562986104712615, ""learning_rate"": 0.01620721313878574, ""max_depth"": 4, ""min_child_samples"": 54, ""n_estimators"": 500, ""num_leaves"": 36, ""reg_alpha"": 7.45739430111278e-06, ""reg_lambda"": 1.0013683594215089e-05, ""subsample"": 0.8357955791112445}",COMPLETE
12,0.9037543591633658,2026-09-17 02:17:48.947125,2026-09-17 02:18:01.164627,0 days 00:00:12.217502,0.9678378555671886,0.01174325152964659,3,53,500,33,0.000702308270066263,5.932215604466945e-05,0.7678745241899381,12.215345100034028,"{""colsample_bytree"": 0.9678378555671886, ""learning_rate"": 0.01174325152964659, ""max_depth"": 3, ""min_child_samples"": 53, ""n_estimators"": 500, ""num_leaves"": 33, ""reg_alpha"": 0.000702308270066263, ""reg_lambda"": 5.932215604466945e-05, ""subsample"": 0.7678745241899381}",COMPLETE
13,0.9110178265641538,2026-09-17 02:18:01.164627,2026-09-17 02:18:08.201984,0 days 00:00:07.037357,0.90393566624002,0.022937729411163118,3,60,300,36,1.1869433952885348e-06,2.760705084598964e-06,0.876335023399159,7.034277800004929,"{""colsample_bytree"": 0.90393566624002, ""learning_rate"": 0.022937729411163118, ""max_depth"": 3, ""min_child_samples"": 60, ""n_estimators"": 300, ""num_leaves"": 36, ""reg_alpha"": 1.1869433952885348e-06, ""reg_lambda"": 2.760705084598964e-06, ""subsample"": 0.876335023399159}",COMPLETE
14,0.9082405630527539,2026-09-17 02:18:08.201984,2026-09-17 02:18:24.663122,0 days 00:00:16.461138,0.9110174193740007,0.02286612446900716,4,43,600,54,3.252573920775295e-06,0.00032851729964796997,0.7748165810677766,16.458479900029488,"{""colsample_bytree"": 0.9110174193740007, ""learning_rate"": 0.02286612446900716, ""max_depth"": 4, ""min_child_samples"": 43, ""n_estimators"": 600, ""num_leaves"": 54, ""reg_alpha"": 3.252573920775295e-06, ""reg_lambda"": 0.00032851729964796997, ""subsample"": 0.7748165810677766}",COMPLETE
15,0.9091745569758347,2026-09-17 02:18:24.663122,2026-09-17 02:18:33.247305,0 days 00:00:08.584183,0.935246466484114,0.024721661077363368,5,59,300,59,0.0006206895327445546,0.003769403903050267,0.7782970654305982,8.5826249999227,"{""colsample_bytree"": 0.935246466484114, ""learning_rate"": 0.024721661077363368, ""max_depth"": 5, ""min_child_samples"": 59, ""n_estimators"": 300, ""num_leaves"": 59, ""reg_alpha"": 0.0006206895327445546, ""reg_lambda"": 0.003769403903050267, ""subsample"": 0.7782970654305982}",COMPLETE
16,0.9063422660182293,2026-09-17 02:18:33.248312,2026-09-17 02:18:41.953424,0 days 00:00:08.705112,0.9832023776638865,0.01774502267055863,6,37,300,47,7.337186408759522e-06,0.0004247938224689333,0.7687965576708083,8.70304039993789,"{""colsample_bytree"": 0.9832023776638865, ""learning_rate"": 0.01774502267055863, ""max_depth"": 6, ""min_child_samples"": 37, ""n_estimators"": 300, ""num_leaves"": 47, ""reg_alpha"": 7.337186408759522e-06, ""reg_lambda"": 0.0004247938224689333, ""subsample"": 0.7687965576708083}",COMPLETE
17,0.9243450351562656,2026-09-17 02:18:41.953942,2026-09-17 02:18:51.797246,0 days 00:00:09.843304,0.9401180997010725,0.010460051508523284,5,64,300,50,7.311969254899541e-07,1.9800986635936687e-06,0.7273721511884591,9.842011800035834,"{""colsample_bytree"": 0.9401180997010725, ""learning_rate"": 0.010460051508523284, ""max_depth"": 5, ""min_child_samples"": 64, ""n_estimators"": 300, ""num_leaves"": 50, ""reg_alpha"": 7.311969254899541e-07, ""reg_lambda"": 1.9800986635936687e-06, ""subsample"": 0.7273721511884591}",COMPLETE
18,0.9025539675210484,2026-09-17 02:18:51.798245,2026-09-17 02:18:57.801433,0 days 00:00:06.003188,0.912577292585459,0.010161001959514247,4,58,200,60,7.2026638005022275e-06,4.1233289961087236e-08,0.7071959360014447,6.0013293999945745,"{""colsample_bytree"": 0.912577292585459, ""learning_rate"": 0.010161001959514247, ""max_depth"": 4, ""min_child_samples"": 58, ""n_estimators"": 200, ""num_leaves"": 60, ""reg_alpha"": 7.2026638005022275e-06, ""reg_lambda"": 4.1233289961087236e-08, ""subsample"": 0.7071959360014447}",COMPLETE
19,0.9071371335010894,2026-09-17 02:18:57.802441,2026-09-17 02:19:08.028150,0 days 00:00:10.225709,0.9694401007404589,0.01718964969959869,6,41,300,55,6.377483741682455e-08,6.097389911054418e-07,0.7194501620310512,10.22389879997354,"{""colsample_bytree"": 0.9694401007404589, ""learning_rate"": 0.01718964969959869, ""max_depth"": 6, ""min_child_samples"": 41, ""n_estimators"": 300, ""num_leaves"": 55, ""reg_alpha"": 6.377483741682455e-08, ""reg_lambda"": 6.097389911054418e-07, ""subsample"": 0.7194501620310512}",COMPLETE
20,0.8987416182529119,2026-09-17 02:19:08.028150,2026-09-17 02:19:14.197868,0 days 00:00:06.169718,0.9985166583241787,0.01019772288326004,5,63,200,61,1.2159898993867084e-06,2.7574172617449967e-05,0.7324207382677118,6.167630399926566,"{""colsample_bytree"": 0.9985166583241787, ""learning_rate"": 0.01019772288326004, ""max_depth"": 5, ""min_child_samples"": 63, ""n_estimators"": 200, ""num_leaves"": 61, ""reg_alpha"": 1.2159898993867084e-06, ""reg_lambda"": 2.7574172617449967e-05, ""subsample"": 0.7324207382677118}",COMPLETE
21,0.9170071814594412,2026-09-17 02:19:14.200366,2026-09-17 02:19:20.597839,0 days 00:00:06.397473,0.9505939928560402,0.014454974555133428,6,57,200,44,8.706535491326155e-07,0.0009995469422556399,0.7059159558789889,6.396212500054389,"{""colsample_bytree"": 0.9505939928560402, ""learning_rate"": 0.014454974555133428, ""max_depth"": 6, ""min_child_samples"": 57, ""n_estimators"": 200, ""num_leaves"": 44, ""reg_alpha"": 8.706535491326155e-07, ""reg_lambda"": 0.0009995469422556399, ""subsample"": 0.7059159558789889}",COMPLETE
22,0.9016521168844878,2026-09-17 02:19:20.598851,2026-09-17 02:19:26.365685,0 days 00:00:05.766834,0.9855523671498579,0.025742938698934455,6,43,200,53,1.6832187798513171e-06,0.00045194874539876797,0.7149223830288092,5.765149099985138,"{""colsample_bytree"": 0.9855523671498579, ""learning_rate"": 0.025742938698934455, ""max_depth"": 6, ""min_child_samples"": 43, ""n_estimators"": 200, ""num_leaves"": 53, ""reg_alpha"": 1.6832187798513171e-06, ""reg_lambda"": 0.00045194874539876797, ""subsample"": 0.7149223830288092}",COMPLETE
23,0.8975305153280746,2026-09-17 02:19:26.367006,2026-09-17 02:19:32.249519,0 days 00:00:05.882513,0.999719643585804,0.013031538167811477,7,45,200,52,6.009323586721957e-08,3.169018766626187e-05,0.7338189144320436,5.878747100010514,"{""colsample_bytree"": 0.999719643585804, ""learning_rate"": 0.013031538167811477, ""max_depth"": 7, ""min_child_samples"": 45, ""n_estimators"": 200, ""num_leaves"": 52, ""reg_alpha"": 6.009323586721957e-08, ""reg_lambda"": 3.169018766626187e-05, ""subsample"": 0.7338189144320436}",COMPLETE
24,0.9258111071478373,2026-09-17 02:19:32.250526,2026-09-17 02:19:39.278508,0 days 00:00:07.027982,0.9838439044179911,0.020802011414413783,4,36,300,63,1.1915291670797411e-06,7.283347237673456e-06,0.7807495814759893,7.026614299975336,"{""colsample_bytree"": 0.9838439044179911, ""learning_rate"": 0.020802011414413783, ""max_depth"": 4, ""min_child_samples"": 36, ""n_estimators"": 300, ""num_leaves"": 63, ""reg_alpha"": 1.1915291670797411e-06, ""reg_lambda"": 7.283347237673456e-06, ""subsample"": 0.7807495814759893}",COMPLETE
25,0.9009253405073611,2026-09-17 02:19:39.280125,2026-09-17 02:19:43.749703,0 days 00:00:04.469578,0.9425381626619762,0.018838107844013262,3,44,200,62,4.192747298971803e-08,4.835914860257859e-06,0.7139869038212076,4.4687843000283465,"{""colsample_bytree"": 0.9425381626619762, ""learning_rate"": 0.018838107844013262, ""max_depth"": 3, ""min_child_samples"": 44, ""n_estimators"": 200, ""num_leaves"": 62, ""reg_alpha"": 4.192747298971803e-08, ""reg_lambda"": 4.835914860257859e-06, ""subsample"": 0.7139869038212076}",COMPLETE
26,0.9180067620184834,2026-09-17 02:19:43.750705,2026-09-17 02:19:51.218080,0 days 00:00:07.467375,0.9342547495719797,0.015387927450411912,4,28,300,60,5.305577288680627e-06,4.486009293676201e-06,0.7336926314774848,7.4669814999215305,"{""colsample_bytree"": 0.9342547495719797, ""learning_rate"": 0.015387927450411912, ""max_depth"": 4, ""min_child_samples"": 28, ""n_estimators"": 300, ""num_leaves"": 60, ""reg_alpha"": 5.305577288680627e-06, ""reg_lambda"": 4.486009293676201e-06, ""subsample"": 0.7336926314774848}",COMPLETE
27,0.9043526726444466,2026-09-17 02:19:51.219590,2026-09-17 02:19:59.350657,0 days 00:00:08.131067,0.9775417077620574,0.010598906222587284,6,46,300,56,4.9572237867750744e-05,0.00016628053766030526,0.7529861211286623,8.129987600026652,"{""colsample_bytree"": 0.9775417077620574, ""learning_rate"": 0.010598906222587284, ""max_depth"": 6, ""min_child_samples"": 46, ""n_estimators"": 300, ""num_leaves"": 56, ""reg_alpha"": 4.9572237867750744e-05, ""reg_lambda"": 0.00016628053766030526, ""subsample"": 0.7529861211286623}",COMPLETE
28,0.93112094217387,2026-09-17 02:19:59.351657,2026-09-17 02:20:09.842913,0 days 00:00:10.491256,0.9341300466228825,0.016138208987909165,4,30,400,60,9.98987182924255e-08,0.00026629010666087726,0.7589569511823345,10.489375400007702,"{""colsample_bytree"": 0.9341300466228825, ""learning_rate"": 0.016138208987909165, ""max_depth"": 4, ""min_child_samples"": 30, ""n_estimators"": 400, ""num_leaves"": 60, ""reg_alpha"": 9.98987182924255e-08, ""reg_lambda"": 0.00026629010666087726, ""subsample"": 0.7589569511823345}",COMPLETE
29,0.9084584741183946,2026-09-17 02:20:09.842913,2026-09-17 02:20:19.848076,0 days 00:00:10.005163,0.908502363861727,0.022952618573320913,4,46,400,63,1.4300245053026518e-08,2.545264321103655e-05,0.7894544557483618,10.002687499974854,"{""colsample_bytree"": 0.908502363861727, ""learning_rate"": 0.022952618573320913, ""max_depth"": 4, ""min_child_samples"": 46, ""n_estimators"": 400, ""num_leaves"": 63, ""reg_alpha"": 1.4300245053026518e-08, ""reg_lambda"": 2.545264321103655e-05, ""subsample"": 0.7894544557483618}",COMPLETE
